<?xml version="1.0" encoding="UTF-8"?>
<testng-results ignored="0" total="1" passed="1" failed="0" skipped="0">
  <reporter-output>
  </reporter-output>
  <suite started-at="2024-12-16T02:22:54 IST" name="Suite" finished-at="2024-12-16T02:23:05 IST" duration-ms="10792">
    <groups>
      <group name="Sanity">
        <method signature="TC002_LoginTest.Validlogin()[pri:0, instance:testCases.TC002_LoginTest@42bc14c1]" name="Validlogin" class="testCases.TC002_LoginTest"/>
      </group> <!-- Sanity -->
    </groups>
    <test started-at="2024-12-16T02:22:54 IST" name="Test" finished-at="2024-12-16T02:23:05 IST" duration-ms="10792">
      <class name="testCases.TC002_LoginTest">
        <test-method is-config="true" signature="setup(java.lang.String,java.lang.String)[pri:0, instance:testCases.TC002_LoginTest@42bc14c1]" started-at="2024-12-16T02:22:54 IST" name="setup" finished-at="2024-12-16T02:22:57 IST" duration-ms="3249" status="PASS">
          <params>
            <param index="0">
              <value>
                <![CDATA[Windows]]>
              </value>
            </param>
            <param index="1">
              <value>
                <![CDATA[chrome]]>
              </value>
            </param>
          </params>
          <reporter-output>
          </reporter-output>
        </test-method> <!-- setup -->
        <test-method signature="Validlogin()[pri:0, instance:testCases.TC002_LoginTest@42bc14c1]" started-at="2024-12-16T02:22:57 IST" name="Validlogin" finished-at="2024-12-16T02:23:04 IST" duration-ms="6887" status="PASS">
          <reporter-output>
          </reporter-output>
        </test-method> <!-- Validlogin -->
        <test-method is-config="true" signature="teardown()[pri:0, instance:testCases.TC002_LoginTest@42bc14c1]" started-at="2024-12-16T02:23:04 IST" name="teardown" finished-at="2024-12-16T02:23:05 IST" duration-ms="412" status="PASS">
          <reporter-output>
          </reporter-output>
        </test-method> <!-- teardown -->
      </class> <!-- testCases.TC002_LoginTest -->
    </test> <!-- Test -->
  </suite> <!-- Suite -->
</testng-results>
